<?xml version="1.0" encoding="UTF-8"?>
<testsuite name="com.example.ServerTest" tests="1" skipped="0" failures="0" errors="0" timestamp="2026-07-03T04:35:31.247Z" hostname="YOA" time="17.313">
  <properties/>
  <testcase name="test root endpoint" classname="com.example.ServerTest" time="17.299"/>
  <system-out><![CDATA[2026-07-02 22:35:35.010 [DefaultDispatcher-worker-2 @call-context#3] INFO  io.ktor.test - No ktor.deployment.watch patterns specified, automatic reload is not active.
2026-07-02 22:35:35.215 [DefaultDispatcher-worker-2 @coroutine#4] INFO  com.zaxxer.hikari.HikariDataSource - HikariPool-1 - Starting...
2026-07-02 22:35:39.778 [DefaultDispatcher-worker-2 @coroutine#4] INFO  com.zaxxer.hikari.pool.HikariPool - HikariPool-1 - Added connection com.mysql.cj.jdbc.ConnectionImpl@3ab0785c
2026-07-02 22:35:39.786 [DefaultDispatcher-worker-2 @coroutine#4] INFO  com.zaxxer.hikari.HikariDataSource - HikariPool-1 - Start completed.
✅ Base de datos conectada.
2026-07-02 22:35:48.023 [DefaultDispatcher-worker-2 @call-context#3] INFO  io.ktor.test - Application started in 13.059 seconds.
2026-07-02 22:35:48.040 [DefaultDispatcher-worker-1 @coroutine#5] INFO  io.ktor.test - Responding at http://localhost:80
2026-07-02 22:35:48.040 [DefaultDispatcher-worker-1 @coroutine#5] INFO  io.ktor.test - Responding at https://localhost:443
]]></system-out>
  <system-err><![CDATA[]]></system-err>
</testsuite>
